#! /usr/bin/vvp
:ivl_version "10.3 (stable)";
:ivl_delay_selection "TYPICAL";
:vpi_time_precision + 0;
:vpi_module "system";
:vpi_module "vhdl_sys";
:vpi_module "v2005_math";
:vpi_module "va_math";
S_0x55c7718d60d0 .scope module, "recirculation_demux" "recirculation_demux" 2 1;
 .timescale 0 0;
    .port_info 0 /INPUT 1 "din"
    .port_info 1 /INPUT 1 "active"
    .port_info 2 /OUTPUT 1 "out_demux"
    .port_info 3 /OUTPUT 1 "out_block"
o0x7f0131e97018 .functor BUFZ 1, C4<z>; HiZ drive
v0x55c7718e86f0_0 .net "active", 0 0, o0x7f0131e97018;  0 drivers
o0x7f0131e97048 .functor BUFZ 1, C4<z>; HiZ drive
v0x55c771919c50_0 .net "din", 0 0, o0x7f0131e97048;  0 drivers
v0x55c771919d10_0 .var "out_block", 0 0;
v0x55c771919de0_0 .var "out_demux", 0 0;
E_0x55c7718d6650 .event edge, v0x55c7718e86f0_0, v0x55c771919c50_0;
S_0x55c7718d62c0 .scope begin, "ReDEMUX" "ReDEMUX" 2 9, 2 9 0, S_0x55c7718d60d0;
 .timescale 0 0;
    .scope S_0x55c7718d60d0;
T_0 ;
    %wait E_0x55c7718d6650;
    %fork t_1, S_0x55c7718d62c0;
    %jmp t_0;
    .scope S_0x55c7718d62c0;
t_1 ;
    %load/vec4 v0x55c7718e86f0_0;
    %dup/vec4;
    %pushi/vec4 0, 0, 1;
    %cmp/u;
    %jmp/1 T_0.0, 6;
    %dup/vec4;
    %pushi/vec4 1, 0, 1;
    %cmp/u;
    %jmp/1 T_0.1, 6;
    %jmp T_0.2;
T_0.0 ;
    %pushi/vec4 0, 0, 1;
    %store/vec4 v0x55c771919de0_0, 0, 1;
    %load/vec4 v0x55c771919c50_0;
    %store/vec4 v0x55c771919d10_0, 0, 1;
    %jmp T_0.2;
T_0.1 ;
    %load/vec4 v0x55c771919c50_0;
    %store/vec4 v0x55c771919de0_0, 0, 1;
    %pushi/vec4 0, 0, 1;
    %store/vec4 v0x55c771919d10_0, 0, 1;
    %jmp T_0.2;
T_0.2 ;
    %pop/vec4 1;
    %end;
    .scope S_0x55c7718d60d0;
t_0 %join;
    %jmp T_0;
    .thread T_0, $push;
# The file index is used to find the file name in the following table.
:file_names 3;
    "N/A";
    "<interactive>";
    "recirculation_demux.v";
